<?xml version="1.0" encoding="UTF-8"?>
<!-- Generated by org.testng.reporters.JUnitXMLReporter -->
<testsuite hostname="AZHAR" ignored="0" name="Test2" tests="2" failures="2" timestamp="2021-01-29T18:13:43 IST" time="2.117" errors="0">
  <testcase name="loginToApplicationAnndNavigateCPQDashboardPage" time="0.002" classname="franceCommerceProcess.FRA_BipartiteQuote">
    <failure type="java.lang.NullPointerException">
      <![CDATA[java.lang.NullPointerException
at franceCommerceProcess.FRA_BipartiteQuote.loginToApplicationAnndNavigateCPQDashboardPage(FRA_BipartiteQuote.java:22)
at java.util.concurrent.ThreadPoolExecutor.runWorker(ThreadPoolExecutor.java:1149)
at java.util.concurrent.ThreadPoolExecutor$Worker.run(ThreadPoolExecutor.java:624)
at java.lang.Thread.run(Thread.java:748)
... Removed 12 stack frames]]>
    </failure>
  </testcase> <!-- loginToApplicationAnndNavigateCPQDashboardPage -->
  <testcase name="loginToApplicationAnndNavigateCPQDashboardPage" time="0.003" classname="franceCommerceProcess.FRA_BipartiteQuote">
    <failure type="java.lang.NullPointerException">
      <![CDATA[java.lang.NullPointerException
at listeners.TestngTestListeners.onTestFailure(TestngTestListeners.java:32)
at java.util.concurrent.ThreadPoolExecutor.runWorker(ThreadPoolExecutor.java:1149)
at java.util.concurrent.ThreadPoolExecutor$Worker.run(ThreadPoolExecutor.java:624)
at java.lang.Thread.run(Thread.java:748)
... Removed 9 stack frames]]>
    </failure>
  </testcase> <!-- loginToApplicationAnndNavigateCPQDashboardPage -->
</testsuite> <!-- Test2 -->
