<?xml version="1.0" encoding="UTF-8"?>
<!-- Generated by org.testng.reporters.JUnitXMLReporter -->
<testsuite hostname="AZHAR" ignored="0" name="Test5" tests="3" failures="1" timestamp="2021-01-07T11:57:32 IST" time="10.707" errors="0">
  <testcase name="test" time="1.183" classname="tests.Test2"/>
  <testcase name="test11" time="0.114" classname="tests.Test2"/>
  <testcase name="test1" time="2.087" classname="tests.Test2">
    <failure type="java.lang.AssertionError" message="expected [Saba] but found [Azhar]">
      <![CDATA[java.lang.AssertionError: expected [Saba] but found [Azhar]
at tests.Test2.test1(Test2.java:36)
at java.util.ArrayList.forEach(ArrayList.java:1259)
at java.util.concurrent.FutureTask.run(FutureTask.java:266)
at java.util.concurrent.ThreadPoolExecutor.runWorker(ThreadPoolExecutor.java:1149)
at java.util.concurrent.ThreadPoolExecutor$Worker.run(ThreadPoolExecutor.java:624)
at java.lang.Thread.run(Thread.java:748)
... Removed 24 stack frames]]>
    </failure>
  </testcase> <!-- test1 -->
</testsuite> <!-- Test5 -->
